<?xml version="1.0" encoding="UTF-8"?>
<testng-results ignored="0" total="4" passed="4" failed="0" skipped="0">
  <reporter-output>
  </reporter-output>
  <suite started-at="2021-07-25T23:45:51Z" name="Suite" finished-at="2021-07-25T23:45:51Z" duration-ms="20">
    <groups>
    </groups>
    <test started-at="2021-07-25T23:45:51Z" name="Test" finished-at="2021-07-25T23:45:51Z" duration-ms="20">
      <class name="qaclickacademy.RESTAPITest">
        <test-method signature="deleteTwitter()[pri:0, instance:qaclickacademy.RESTAPITest@64d2d351]" started-at="2021-07-26T05:15:51Z" name="deleteTwitter" finished-at="2021-07-26T05:15:51Z" duration-ms="0" status="PASS">
          <reporter-output>
          </reporter-output>
        </test-method> <!-- deleteTwitter -->
        <test-method signature="postJira()[pri:0, instance:qaclickacademy.RESTAPITest@64d2d351]" started-at="2021-07-26T05:15:51Z" name="postJira" finished-at="2021-07-26T05:15:51Z" duration-ms="0" status="PASS">
          <reporter-output>
          </reporter-output>
        </test-method> <!-- postJira -->
      </class> <!-- qaclickacademy.RESTAPITest -->
      <class name="qaclickacademy.SeleniumTest">
        <test-method signature="BrowserAUtomation()[pri:0, instance:qaclickacademy.SeleniumTest@731f8236]" started-at="2021-07-26T05:15:51Z" name="BrowserAUtomation" finished-at="2021-07-26T05:15:51Z" duration-ms="5" status="PASS">
          <reporter-output>
          </reporter-output>
        </test-method> <!-- BrowserAUtomation -->
        <test-method signature="elementsUi()[pri:0, instance:qaclickacademy.SeleniumTest@731f8236]" started-at="2021-07-26T05:15:51Z" name="elementsUi" finished-at="2021-07-26T05:15:51Z" duration-ms="1" status="PASS">
          <reporter-output>
          </reporter-output>
        </test-method> <!-- elementsUi -->
      </class> <!-- qaclickacademy.SeleniumTest -->
    </test> <!-- Test -->
  </suite> <!-- Suite -->
</testng-results>
